Copyright 1986-2022 Xilinx, Inc. All Rights Reserved. Copyright 2022-2025 Advanced Micro Devices, Inc. All Rights Reserved.
-----------------------------------------------------------------------------------------------------------------------------------------------
| Tool Version : Vivado v.2025.1 (win64) Build 6140274 Thu May 22 00:12:29 MDT 2025
| Date         : Fri Jan 16 13:45:51 2026
| Host         : LAPTOP-JIVQAT26 running 64-bit major release  (build 9200)
| Command      : report_methodology -file top_methodology_drc_routed.rpt -pb top_methodology_drc_routed.pb -rpx top_methodology_drc_routed.rpx
| Design       : top
| Device       : xc7a100tcsg324-1
| Speed File   : -1
| Design State : Fully Routed
-----------------------------------------------------------------------------------------------------------------------------------------------

Report Methodology

Table of Contents
-----------------
1. REPORT SUMMARY
2. REPORT DETAILS

1. REPORT SUMMARY
-----------------
            Netlist: netlist
          Floorplan: design_1
      Design limits: <entire design considered>
             Max checks: <unlimited>
             Checks found: 91
+-----------+------------------+--------------------------------+--------+
| Rule      | Severity         | Description                    | Checks |
+-----------+------------------+--------------------------------+--------+
| TIMING-17 | Critical Warning | Non-clocked sequential cell    | 35     |
| TIMING-18 | Warning          | Missing input or output delay  | 6      |
| TIMING-20 | Warning          | Non-clocked latch              | 49     |
| LATCH-1   | Advisory         | Existing latches in the design | 1      |
+-----------+------------------+--------------------------------+--------+

2. REPORT DETAILS
-----------------
TIMING-17#1 Critical Warning
Non-clocked sequential cell  
The clock pin Inst_RgbLed/Cnt/cnt_reg[0]/C is not reached by a timing clock
Related violations: <none>

TIMING-17#2 Critical Warning
Non-clocked sequential cell  
The clock pin Inst_RgbLed/Cnt/cnt_reg[1]/C is not reached by a timing clock
Related violations: <none>

TIMING-17#3 Critical Warning
Non-clocked sequential cell  
The clock pin Inst_RgbLed/Cnt/cnt_reg[2]/C is not reached by a timing clock
Related violations: <none>

TIMING-17#4 Critical Warning
Non-clocked sequential cell  
The clock pin Inst_RgbLed/Cnt/cnt_reg[3]/C is not reached by a timing clock
Related violations: <none>

TIMING-17#5 Critical Warning
Non-clocked sequential cell  
The clock pin Inst_RgbLed/Cnt/cnt_reg[4]/C is not reached by a timing clock
Related violations: <none>

TIMING-17#6 Critical Warning
Non-clocked sequential cell  
The clock pin Inst_RgbLed/Cnt/cnt_reg[5]/C is not reached by a timing clock
Related violations: <none>

TIMING-17#7 Critical Warning
Non-clocked sequential cell  
The clock pin Inst_RgbLed/Cnt/cnt_reg[6]/C is not reached by a timing clock
Related violations: <none>

TIMING-17#8 Critical Warning
Non-clocked sequential cell  
The clock pin Inst_RgbLed/Cnt/cnt_reg[7]/C is not reached by a timing clock
Related violations: <none>

TIMING-17#9 Critical Warning
Non-clocked sequential cell  
The clock pin Inst_RgbLed/FSM_sequential_currentState_reg[0]/C is not reached by a timing clock
Related violations: <none>

TIMING-17#10 Critical Warning
Non-clocked sequential cell  
The clock pin Inst_RgbLed/FSM_sequential_currentState_reg[1]/C is not reached by a timing clock
Related violations: <none>

TIMING-17#11 Critical Warning
Non-clocked sequential cell  
The clock pin Inst_RgbLed/FSM_sequential_currentState_reg[2]/C is not reached by a timing clock
Related violations: <none>

TIMING-17#12 Critical Warning
Non-clocked sequential cell  
The clock pin Inst_RgbLed/PwmBlue/cnt_reg[0]/C is not reached by a timing clock
Related violations: <none>

TIMING-17#13 Critical Warning
Non-clocked sequential cell  
The clock pin Inst_RgbLed/PwmBlue/cnt_reg[1]/C is not reached by a timing clock
Related violations: <none>

TIMING-17#14 Critical Warning
Non-clocked sequential cell  
The clock pin Inst_RgbLed/PwmBlue/cnt_reg[2]/C is not reached by a timing clock
Related violations: <none>

TIMING-17#15 Critical Warning
Non-clocked sequential cell  
The clock pin Inst_RgbLed/PwmBlue/cnt_reg[3]/C is not reached by a timing clock
Related violations: <none>

TIMING-17#16 Critical Warning
Non-clocked sequential cell  
The clock pin Inst_RgbLed/PwmBlue/cnt_reg[4]/C is not reached by a timing clock
Related violations: <none>

TIMING-17#17 Critical Warning
Non-clocked sequential cell  
The clock pin Inst_RgbLed/PwmBlue/cnt_reg[5]/C is not reached by a timing clock
Related violations: <none>

TIMING-17#18 Critical Warning
Non-clocked sequential cell  
The clock pin Inst_RgbLed/PwmBlue/cnt_reg[6]/C is not reached by a timing clock
Related violations: <none>

TIMING-17#19 Critical Warning
Non-clocked sequential cell  
The clock pin Inst_RgbLed/PwmBlue/cnt_reg[7]/C is not reached by a timing clock
Related violations: <none>

TIMING-17#20 Critical Warning
Non-clocked sequential cell  
The clock pin Inst_RgbLed/PwmGreen/cnt_reg[0]/C is not reached by a timing clock
Related violations: <none>

TIMING-17#21 Critical Warning
Non-clocked sequential cell  
The clock pin Inst_RgbLed/PwmGreen/cnt_reg[1]/C is not reached by a timing clock
Related violations: <none>

TIMING-17#22 Critical Warning
Non-clocked sequential cell  
The clock pin Inst_RgbLed/PwmGreen/cnt_reg[2]/C is not reached by a timing clock
Related violations: <none>

TIMING-17#23 Critical Warning
Non-clocked sequential cell  
The clock pin Inst_RgbLed/PwmGreen/cnt_reg[3]/C is not reached by a timing clock
Related violations: <none>

TIMING-17#24 Critical Warning
Non-clocked sequential cell  
The clock pin Inst_RgbLed/PwmGreen/cnt_reg[4]/C is not reached by a timing clock
Related violations: <none>

TIMING-17#25 Critical Warning
Non-clocked sequential cell  
The clock pin Inst_RgbLed/PwmGreen/cnt_reg[5]/C is not reached by a timing clock
Related violations: <none>

TIMING-17#26 Critical Warning
Non-clocked sequential cell  
The clock pin Inst_RgbLed/PwmGreen/cnt_reg[6]/C is not reached by a timing clock
Related violations: <none>

TIMING-17#27 Critical Warning
Non-clocked sequential cell  
The clock pin Inst_RgbLed/PwmGreen/cnt_reg[7]/C is not reached by a timing clock
Related violations: <none>

TIMING-17#28 Critical Warning
Non-clocked sequential cell  
The clock pin Inst_RgbLed/PwmRed/cnt_reg[0]/C is not reached by a timing clock
Related violations: <none>

TIMING-17#29 Critical Warning
Non-clocked sequential cell  
The clock pin Inst_RgbLed/PwmRed/cnt_reg[1]/C is not reached by a timing clock
Related violations: <none>

TIMING-17#30 Critical Warning
Non-clocked sequential cell  
The clock pin Inst_RgbLed/PwmRed/cnt_reg[2]/C is not reached by a timing clock
Related violations: <none>

TIMING-17#31 Critical Warning
Non-clocked sequential cell  
The clock pin Inst_RgbLed/PwmRed/cnt_reg[3]/C is not reached by a timing clock
Related violations: <none>

TIMING-17#32 Critical Warning
Non-clocked sequential cell  
The clock pin Inst_RgbLed/PwmRed/cnt_reg[4]/C is not reached by a timing clock
Related violations: <none>

TIMING-17#33 Critical Warning
Non-clocked sequential cell  
The clock pin Inst_RgbLed/PwmRed/cnt_reg[5]/C is not reached by a timing clock
Related violations: <none>

TIMING-17#34 Critical Warning
Non-clocked sequential cell  
The clock pin Inst_RgbLed/PwmRed/cnt_reg[6]/C is not reached by a timing clock
Related violations: <none>

TIMING-17#35 Critical Warning
Non-clocked sequential cell  
The clock pin Inst_RgbLed/PwmRed/cnt_reg[7]/C is not reached by a timing clock
Related violations: <none>

TIMING-18#1 Warning
Missing input or output delay  
An input delay is missing on btnc_i relative to the rising and/or falling clock edge(s) of sys_clk_pin.
Related violations: <none>

TIMING-18#2 Warning
Missing input or output delay  
An input delay is missing on btnd_i relative to the rising and/or falling clock edge(s) of sys_clk_pin.
Related violations: <none>

TIMING-18#3 Warning
Missing input or output delay  
An input delay is missing on btnl_i relative to the rising and/or falling clock edge(s) of sys_clk_pin.
Related violations: <none>

TIMING-18#4 Warning
Missing input or output delay  
An input delay is missing on btnr_i relative to the rising and/or falling clock edge(s) of sys_clk_pin.
Related violations: <none>

TIMING-18#5 Warning
Missing input or output delay  
An input delay is missing on btnu_i relative to the rising and/or falling clock edge(s) of sys_clk_pin.
Related violations: <none>

TIMING-18#6 Warning
Missing input or output delay  
An input delay is missing on reset relative to the rising and/or falling clock edge(s) of sys_clk_pin.
Related violations: <none>

TIMING-20#1 Warning
Non-clocked latch  
The latch Inst_RgbLed/blue_reg[0] cannot be properly analyzed as its control pin Inst_RgbLed/blue_reg[0]/G is not reached by a timing clock
Related violations: <none>

TIMING-20#2 Warning
Non-clocked latch  
The latch Inst_RgbLed/blue_reg[1] cannot be properly analyzed as its control pin Inst_RgbLed/blue_reg[1]/G is not reached by a timing clock
Related violations: <none>

TIMING-20#3 Warning
Non-clocked latch  
The latch Inst_RgbLed/blue_reg[2] cannot be properly analyzed as its control pin Inst_RgbLed/blue_reg[2]/G is not reached by a timing clock
Related violations: <none>

TIMING-20#4 Warning
Non-clocked latch  
The latch Inst_RgbLed/blue_reg[3] cannot be properly analyzed as its control pin Inst_RgbLed/blue_reg[3]/G is not reached by a timing clock
Related violations: <none>

TIMING-20#5 Warning
Non-clocked latch  
The latch Inst_RgbLed/blue_reg[4] cannot be properly analyzed as its control pin Inst_RgbLed/blue_reg[4]/G is not reached by a timing clock
Related violations: <none>

TIMING-20#6 Warning
Non-clocked latch  
The latch Inst_RgbLed/blue_reg[5] cannot be properly analyzed as its control pin Inst_RgbLed/blue_reg[5]/G is not reached by a timing clock
Related violations: <none>

TIMING-20#7 Warning
Non-clocked latch  
The latch Inst_RgbLed/blue_reg[6] cannot be properly analyzed as its control pin Inst_RgbLed/blue_reg[6]/G is not reached by a timing clock
Related violations: <none>

TIMING-20#8 Warning
Non-clocked latch  
The latch Inst_RgbLed/blue_reg[7] cannot be properly analyzed as its control pin Inst_RgbLed/blue_reg[7]/G is not reached by a timing clock
Related violations: <none>

TIMING-20#9 Warning
Non-clocked latch  
The latch Inst_RgbLed/colorcntblue_reg[0] cannot be properly analyzed as its control pin Inst_RgbLed/colorcntblue_reg[0]/G is not reached by a timing clock
Related violations: <none>

TIMING-20#10 Warning
Non-clocked latch  
The latch Inst_RgbLed/colorcntblue_reg[1] cannot be properly analyzed as its control pin Inst_RgbLed/colorcntblue_reg[1]/G is not reached by a timing clock
Related violations: <none>

TIMING-20#11 Warning
Non-clocked latch  
The latch Inst_RgbLed/colorcntblue_reg[2] cannot be properly analyzed as its control pin Inst_RgbLed/colorcntblue_reg[2]/G is not reached by a timing clock
Related violations: <none>

TIMING-20#12 Warning
Non-clocked latch  
The latch Inst_RgbLed/colorcntblue_reg[3] cannot be properly analyzed as its control pin Inst_RgbLed/colorcntblue_reg[3]/G is not reached by a timing clock
Related violations: <none>

TIMING-20#13 Warning
Non-clocked latch  
The latch Inst_RgbLed/colorcntblue_reg[4] cannot be properly analyzed as its control pin Inst_RgbLed/colorcntblue_reg[4]/G is not reached by a timing clock
Related violations: <none>

TIMING-20#14 Warning
Non-clocked latch  
The latch Inst_RgbLed/colorcntblue_reg[5] cannot be properly analyzed as its control pin Inst_RgbLed/colorcntblue_reg[5]/G is not reached by a timing clock
Related violations: <none>

TIMING-20#15 Warning
Non-clocked latch  
The latch Inst_RgbLed/colorcntblue_reg[6] cannot be properly analyzed as its control pin Inst_RgbLed/colorcntblue_reg[6]/G is not reached by a timing clock
Related violations: <none>

TIMING-20#16 Warning
Non-clocked latch  
The latch Inst_RgbLed/colorcntblue_reg[7] cannot be properly analyzed as its control pin Inst_RgbLed/colorcntblue_reg[7]/G is not reached by a timing clock
Related violations: <none>

TIMING-20#17 Warning
Non-clocked latch  
The latch Inst_RgbLed/colorcntgreen_reg[0] cannot be properly analyzed as its control pin Inst_RgbLed/colorcntgreen_reg[0]/G is not reached by a timing clock
Related violations: <none>

TIMING-20#18 Warning
Non-clocked latch  
The latch Inst_RgbLed/colorcntgreen_reg[1] cannot be properly analyzed as its control pin Inst_RgbLed/colorcntgreen_reg[1]/G is not reached by a timing clock
Related violations: <none>

TIMING-20#19 Warning
Non-clocked latch  
The latch Inst_RgbLed/colorcntgreen_reg[2] cannot be properly analyzed as its control pin Inst_RgbLed/colorcntgreen_reg[2]/G is not reached by a timing clock
Related violations: <none>

TIMING-20#20 Warning
Non-clocked latch  
The latch Inst_RgbLed/colorcntgreen_reg[3] cannot be properly analyzed as its control pin Inst_RgbLed/colorcntgreen_reg[3]/G is not reached by a timing clock
Related violations: <none>

TIMING-20#21 Warning
Non-clocked latch  
The latch Inst_RgbLed/colorcntgreen_reg[4] cannot be properly analyzed as its control pin Inst_RgbLed/colorcntgreen_reg[4]/G is not reached by a timing clock
Related violations: <none>

TIMING-20#22 Warning
Non-clocked latch  
The latch Inst_RgbLed/colorcntgreen_reg[5] cannot be properly analyzed as its control pin Inst_RgbLed/colorcntgreen_reg[5]/G is not reached by a timing clock
Related violations: <none>

TIMING-20#23 Warning
Non-clocked latch  
The latch Inst_RgbLed/colorcntgreen_reg[6] cannot be properly analyzed as its control pin Inst_RgbLed/colorcntgreen_reg[6]/G is not reached by a timing clock
Related violations: <none>

TIMING-20#24 Warning
Non-clocked latch  
The latch Inst_RgbLed/colorcntgreen_reg[7] cannot be properly analyzed as its control pin Inst_RgbLed/colorcntgreen_reg[7]/G is not reached by a timing clock
Related violations: <none>

TIMING-20#25 Warning
Non-clocked latch  
The latch Inst_RgbLed/colorcntred_reg[0] cannot be properly analyzed as its control pin Inst_RgbLed/colorcntred_reg[0]/G is not reached by a timing clock
Related violations: <none>

TIMING-20#26 Warning
Non-clocked latch  
The latch Inst_RgbLed/colorcntred_reg[1] cannot be properly analyzed as its control pin Inst_RgbLed/colorcntred_reg[1]/G is not reached by a timing clock
Related violations: <none>

TIMING-20#27 Warning
Non-clocked latch  
The latch Inst_RgbLed/colorcntred_reg[2] cannot be properly analyzed as its control pin Inst_RgbLed/colorcntred_reg[2]/G is not reached by a timing clock
Related violations: <none>

TIMING-20#28 Warning
Non-clocked latch  
The latch Inst_RgbLed/colorcntred_reg[3] cannot be properly analyzed as its control pin Inst_RgbLed/colorcntred_reg[3]/G is not reached by a timing clock
Related violations: <none>

TIMING-20#29 Warning
Non-clocked latch  
The latch Inst_RgbLed/colorcntred_reg[4] cannot be properly analyzed as its control pin Inst_RgbLed/colorcntred_reg[4]/G is not reached by a timing clock
Related violations: <none>

TIMING-20#30 Warning
Non-clocked latch  
The latch Inst_RgbLed/colorcntred_reg[5] cannot be properly analyzed as its control pin Inst_RgbLed/colorcntred_reg[5]/G is not reached by a timing clock
Related violations: <none>

TIMING-20#31 Warning
Non-clocked latch  
The latch Inst_RgbLed/colorcntred_reg[6] cannot be properly analyzed as its control pin Inst_RgbLed/colorcntred_reg[6]/G is not reached by a timing clock
Related violations: <none>

TIMING-20#32 Warning
Non-clocked latch  
The latch Inst_RgbLed/colorcntred_reg[7] cannot be properly analyzed as its control pin Inst_RgbLed/colorcntred_reg[7]/G is not reached by a timing clock
Related violations: <none>

TIMING-20#33 Warning
Non-clocked latch  
The latch Inst_RgbLed/fLed2Off_reg cannot be properly analyzed as its control pin Inst_RgbLed/fLed2Off_reg/G is not reached by a timing clock
Related violations: <none>

TIMING-20#34 Warning
Non-clocked latch  
The latch Inst_RgbLed/green_reg[0] cannot be properly analyzed as its control pin Inst_RgbLed/green_reg[0]/G is not reached by a timing clock
Related violations: <none>

TIMING-20#35 Warning
Non-clocked latch  
The latch Inst_RgbLed/green_reg[1] cannot be properly analyzed as its control pin Inst_RgbLed/green_reg[1]/G is not reached by a timing clock
Related violations: <none>

TIMING-20#36 Warning
Non-clocked latch  
The latch Inst_RgbLed/green_reg[2] cannot be properly analyzed as its control pin Inst_RgbLed/green_reg[2]/G is not reached by a timing clock
Related violations: <none>

TIMING-20#37 Warning
Non-clocked latch  
The latch Inst_RgbLed/green_reg[3] cannot be properly analyzed as its control pin Inst_RgbLed/green_reg[3]/G is not reached by a timing clock
Related violations: <none>

TIMING-20#38 Warning
Non-clocked latch  
The latch Inst_RgbLed/green_reg[4] cannot be properly analyzed as its control pin Inst_RgbLed/green_reg[4]/G is not reached by a timing clock
Related violations: <none>

TIMING-20#39 Warning
Non-clocked latch  
The latch Inst_RgbLed/green_reg[5] cannot be properly analyzed as its control pin Inst_RgbLed/green_reg[5]/G is not reached by a timing clock
Related violations: <none>

TIMING-20#40 Warning
Non-clocked latch  
The latch Inst_RgbLed/green_reg[6] cannot be properly analyzed as its control pin Inst_RgbLed/green_reg[6]/G is not reached by a timing clock
Related violations: <none>

TIMING-20#41 Warning
Non-clocked latch  
The latch Inst_RgbLed/green_reg[7] cannot be properly analyzed as its control pin Inst_RgbLed/green_reg[7]/G is not reached by a timing clock
Related violations: <none>

TIMING-20#42 Warning
Non-clocked latch  
The latch Inst_RgbLed/red_reg[0] cannot be properly analyzed as its control pin Inst_RgbLed/red_reg[0]/G is not reached by a timing clock
Related violations: <none>

TIMING-20#43 Warning
Non-clocked latch  
The latch Inst_RgbLed/red_reg[1] cannot be properly analyzed as its control pin Inst_RgbLed/red_reg[1]/G is not reached by a timing clock
Related violations: <none>

TIMING-20#44 Warning
Non-clocked latch  
The latch Inst_RgbLed/red_reg[2] cannot be properly analyzed as its control pin Inst_RgbLed/red_reg[2]/G is not reached by a timing clock
Related violations: <none>

TIMING-20#45 Warning
Non-clocked latch  
The latch Inst_RgbLed/red_reg[3] cannot be properly analyzed as its control pin Inst_RgbLed/red_reg[3]/G is not reached by a timing clock
Related violations: <none>

TIMING-20#46 Warning
Non-clocked latch  
The latch Inst_RgbLed/red_reg[4] cannot be properly analyzed as its control pin Inst_RgbLed/red_reg[4]/G is not reached by a timing clock
Related violations: <none>

TIMING-20#47 Warning
Non-clocked latch  
The latch Inst_RgbLed/red_reg[5] cannot be properly analyzed as its control pin Inst_RgbLed/red_reg[5]/G is not reached by a timing clock
Related violations: <none>

TIMING-20#48 Warning
Non-clocked latch  
The latch Inst_RgbLed/red_reg[6] cannot be properly analyzed as its control pin Inst_RgbLed/red_reg[6]/G is not reached by a timing clock
Related violations: <none>

TIMING-20#49 Warning
Non-clocked latch  
The latch Inst_RgbLed/red_reg[7] cannot be properly analyzed as its control pin Inst_RgbLed/red_reg[7]/G is not reached by a timing clock
Related violations: <none>

LATCH-1#1 Advisory
Existing latches in the design  
There are 49 latches found in the design. Inferred latches are often the result of HDL coding mistakes, such as incomplete if or case statements.
Related violations: <none>


