
*** Running vivado
    with args -log top.vds -m64 -product Vivado -mode batch -messageDb vivado.pb -notrace -source top.tcl



****** Vivado v2025.1 (64-bit)
  **** SW Build 6140274 on Thu May 22 00:12:29 MDT 2025
  **** IP Build 6138677 on Thu May 22 03:10:11 MDT 2025
  **** SharedData Build 6139179 on Tue May 20 17:58:58 MDT 2025
  **** Start of session at: Wed Dec 17 13:46:12 2025
    ** Copyright 1986-2022 Xilinx, Inc. All Rights Reserved.
    ** Copyright 2022-2025 Advanced Micro Devices, Inc. All Rights Reserved.

source top.tcl -notrace
create_project: Time (s): cpu = 00:00:08 ; elapsed = 00:00:09 . Memory (MB): peak = 491.270 ; gain = 209.484
Command: read_checkpoint -auto_incremental -incremental {C:/Users/jacob/Downloads/JaCRGB2 - prueba4presentar - copia/RGB2.srcs/utils_1/imports/synth_1/RgbLed.dcp}
INFO: [Vivado 12-5825] Read reference checkpoint from C:/Users/jacob/Downloads/JaCRGB2 - prueba4presentar - copia/RGB2.srcs/utils_1/imports/synth_1/RgbLed.dcp for incremental synthesis
INFO: [Vivado 12-7989] Please ensure there are no constraint changes
Command: synth_design -top top -part xc7a100tcsg324-1
Starting synth_design
Attempting to get a license for feature 'Synthesis' and/or device 'xc7a100t'
INFO: [Common 17-349] Got license for feature 'Synthesis' and/or device 'xc7a100t'
INFO: [Device 21-403] Loading part xc7a100tcsg324-1
INFO: [Designutils 20-5440] No compile time benefit to using incremental synthesis; A full resynthesis will be run
INFO: [Designutils 20-4379] Flow is switching to default flow due to incremental criteria not met. If you would like to alter this behaviour and have the flow terminate instead, please set the following parameter config_implementation {autoIncr.Synth.RejectBehavior Terminate}
INFO: [Synth 8-7079] Multithreading enabled for synth_design using a maximum of 2 processes.
INFO: [Synth 8-7078] Launching helper process for spawning children vivado processes
INFO: [Synth 8-7075] Helper process launched with PID 23952
---------------------------------------------------------------------------------
Starting RTL Elaboration : Time (s): cpu = 00:00:05 ; elapsed = 00:00:06 . Memory (MB): peak = 1198.203 ; gain = 495.387
---------------------------------------------------------------------------------
INFO: [Synth 8-638] synthesizing module 'top' [C:/Users/jacob/Downloads/JaCRGB2 - prueba4presentar - copia/RGB2.srcs/sources_1/new/top.vhd:27]
INFO: [Synth 8-3491] module 'RgbLed' declared at 'C:/Users/jacob/Downloads/JaCRGB2 - prueba4presentar - copia/RGB2.srcs/sources_1/new/RGBLED.vhd:6' bound to instance 'Inst_RgbLed' of component 'RgbLed' [C:/Users/jacob/Downloads/JaCRGB2 - prueba4presentar - copia/RGB2.srcs/sources_1/new/top.vhd:85]
INFO: [Synth 8-638] synthesizing module 'RgbLed' [C:/Users/jacob/Downloads/JaCRGB2 - prueba4presentar - copia/RGB2.srcs/sources_1/new/RGBLED.vhd:33]
INFO: [Synth 8-3491] module 'Pwm' declared at 'C:/Users/jacob/Downloads/JaCRGB2 - prueba4presentar - copia/RGB2.srcs/sources_1/new/pwm.vhd:7' bound to instance 'PwmRed' of component 'Pwm' [C:/Users/jacob/Downloads/JaCRGB2 - prueba4presentar - copia/RGB2.srcs/sources_1/new/RGBLED.vhd:92]
INFO: [Synth 8-638] synthesizing module 'Pwm' [C:/Users/jacob/Downloads/JaCRGB2 - prueba4presentar - copia/RGB2.srcs/sources_1/new/pwm.vhd:15]
INFO: [Synth 8-256] done synthesizing module 'Pwm' (0#1) [C:/Users/jacob/Downloads/JaCRGB2 - prueba4presentar - copia/RGB2.srcs/sources_1/new/pwm.vhd:15]
INFO: [Synth 8-3491] module 'Pwm' declared at 'C:/Users/jacob/Downloads/JaCRGB2 - prueba4presentar - copia/RGB2.srcs/sources_1/new/pwm.vhd:7' bound to instance 'PwmGreen' of component 'Pwm' [C:/Users/jacob/Downloads/JaCRGB2 - prueba4presentar - copia/RGB2.srcs/sources_1/new/RGBLED.vhd:98]
INFO: [Synth 8-3491] module 'Pwm' declared at 'C:/Users/jacob/Downloads/JaCRGB2 - prueba4presentar - copia/RGB2.srcs/sources_1/new/pwm.vhd:7' bound to instance 'PwmBlue' of component 'Pwm' [C:/Users/jacob/Downloads/JaCRGB2 - prueba4presentar - copia/RGB2.srcs/sources_1/new/RGBLED.vhd:104]
INFO: [Synth 8-256] done synthesizing module 'RgbLed' (0#1) [C:/Users/jacob/Downloads/JaCRGB2 - prueba4presentar - copia/RGB2.srcs/sources_1/new/RGBLED.vhd:33]
INFO: [Synth 8-3491] module 'SYNCHRNZR' declared at 'C:/Users/jacob/Downloads/JaCRGB2 - prueba4presentar - copia/RGB2.srcs/sources_1/new/SYNCHRONIZER.vhd:6' bound to instance 'Inst_SYNCHRNZR1' of component 'SYNCHRNZR' [C:/Users/jacob/Downloads/JaCRGB2 - prueba4presentar - copia/RGB2.srcs/sources_1/new/top.vhd:102]
INFO: [Synth 8-638] synthesizing module 'SYNCHRNZR' [C:/Users/jacob/Downloads/JaCRGB2 - prueba4presentar - copia/RGB2.srcs/sources_1/new/SYNCHRONIZER.vhd:13]
INFO: [Synth 8-256] done synthesizing module 'SYNCHRNZR' (0#1) [C:/Users/jacob/Downloads/JaCRGB2 - prueba4presentar - copia/RGB2.srcs/sources_1/new/SYNCHRONIZER.vhd:13]
INFO: [Synth 8-3491] module 'SYNCHRNZR' declared at 'C:/Users/jacob/Downloads/JaCRGB2 - prueba4presentar - copia/RGB2.srcs/sources_1/new/SYNCHRONIZER.vhd:6' bound to instance 'Inst_SYNCHRNZR2' of component 'SYNCHRNZR' [C:/Users/jacob/Downloads/JaCRGB2 - prueba4presentar - copia/RGB2.srcs/sources_1/new/top.vhd:108]
INFO: [Synth 8-3491] module 'SYNCHRNZR' declared at 'C:/Users/jacob/Downloads/JaCRGB2 - prueba4presentar - copia/RGB2.srcs/sources_1/new/SYNCHRONIZER.vhd:6' bound to instance 'Inst_SYNCHRNZR3' of component 'SYNCHRNZR' [C:/Users/jacob/Downloads/JaCRGB2 - prueba4presentar - copia/RGB2.srcs/sources_1/new/top.vhd:114]
INFO: [Synth 8-3491] module 'SYNCHRNZR' declared at 'C:/Users/jacob/Downloads/JaCRGB2 - prueba4presentar - copia/RGB2.srcs/sources_1/new/SYNCHRONIZER.vhd:6' bound to instance 'Inst_SYNCHRNZR4' of component 'SYNCHRNZR' [C:/Users/jacob/Downloads/JaCRGB2 - prueba4presentar - copia/RGB2.srcs/sources_1/new/top.vhd:120]
INFO: [Synth 8-3491] module 'SYNCHRNZR' declared at 'C:/Users/jacob/Downloads/JaCRGB2 - prueba4presentar - copia/RGB2.srcs/sources_1/new/SYNCHRONIZER.vhd:6' bound to instance 'Inst_SYNCHRNZR5' of component 'SYNCHRNZR' [C:/Users/jacob/Downloads/JaCRGB2 - prueba4presentar - copia/RGB2.srcs/sources_1/new/top.vhd:126]
INFO: [Synth 8-3491] module 'EDGEDTCTR' declared at 'C:/Users/jacob/Downloads/JaCRGB2 - prueba4presentar - copia/RGB2.srcs/sources_1/new/EDGEDETECTOR.vhd:8' bound to instance 'Ins_EDGEDTCTR1' of component 'EDGEDTCTR' [C:/Users/jacob/Downloads/JaCRGB2 - prueba4presentar - copia/RGB2.srcs/sources_1/new/top.vhd:132]
INFO: [Synth 8-638] synthesizing module 'EDGEDTCTR' [C:/Users/jacob/Downloads/JaCRGB2 - prueba4presentar - copia/RGB2.srcs/sources_1/new/EDGEDETECTOR.vhd:16]
INFO: [Synth 8-256] done synthesizing module 'EDGEDTCTR' (0#1) [C:/Users/jacob/Downloads/JaCRGB2 - prueba4presentar - copia/RGB2.srcs/sources_1/new/EDGEDETECTOR.vhd:16]
INFO: [Synth 8-3491] module 'EDGEDTCTR' declared at 'C:/Users/jacob/Downloads/JaCRGB2 - prueba4presentar - copia/RGB2.srcs/sources_1/new/EDGEDETECTOR.vhd:8' bound to instance 'Ins_EDGEDTCTR2' of component 'EDGEDTCTR' [C:/Users/jacob/Downloads/JaCRGB2 - prueba4presentar - copia/RGB2.srcs/sources_1/new/top.vhd:138]
INFO: [Synth 8-3491] module 'EDGEDTCTR' declared at 'C:/Users/jacob/Downloads/JaCRGB2 - prueba4presentar - copia/RGB2.srcs/sources_1/new/EDGEDETECTOR.vhd:8' bound to instance 'Ins_EDGEDTCTR3' of component 'EDGEDTCTR' [C:/Users/jacob/Downloads/JaCRGB2 - prueba4presentar - copia/RGB2.srcs/sources_1/new/top.vhd:144]
INFO: [Synth 8-3491] module 'EDGEDTCTR' declared at 'C:/Users/jacob/Downloads/JaCRGB2 - prueba4presentar - copia/RGB2.srcs/sources_1/new/EDGEDETECTOR.vhd:8' bound to instance 'Ins_EDGEDTCTR4' of component 'EDGEDTCTR' [C:/Users/jacob/Downloads/JaCRGB2 - prueba4presentar - copia/RGB2.srcs/sources_1/new/top.vhd:150]
INFO: [Synth 8-3491] module 'EDGEDTCTR' declared at 'C:/Users/jacob/Downloads/JaCRGB2 - prueba4presentar - copia/RGB2.srcs/sources_1/new/EDGEDETECTOR.vhd:8' bound to instance 'Ins_EDGEDTCTR5' of component 'EDGEDTCTR' [C:/Users/jacob/Downloads/JaCRGB2 - prueba4presentar - copia/RGB2.srcs/sources_1/new/top.vhd:156]
INFO: [Synth 8-256] done synthesizing module 'top' (0#1) [C:/Users/jacob/Downloads/JaCRGB2 - prueba4presentar - copia/RGB2.srcs/sources_1/new/top.vhd:27]
---------------------------------------------------------------------------------
Finished RTL Elaboration : Time (s): cpu = 00:00:06 ; elapsed = 00:00:07 . Memory (MB): peak = 1306.457 ; gain = 603.641
---------------------------------------------------------------------------------
---------------------------------------------------------------------------------
Start Handling Custom Attributes
---------------------------------------------------------------------------------
---------------------------------------------------------------------------------
Finished Handling Custom Attributes : Time (s): cpu = 00:00:06 ; elapsed = 00:00:07 . Memory (MB): peak = 1306.457 ; gain = 603.641
---------------------------------------------------------------------------------
---------------------------------------------------------------------------------
Finished RTL Optimization Phase 1 : Time (s): cpu = 00:00:06 ; elapsed = 00:00:07 . Memory (MB): peak = 1306.457 ; gain = 603.641
---------------------------------------------------------------------------------
Netlist sorting complete. Time (s): cpu = 00:00:00 ; elapsed = 00:00:00.002 . Memory (MB): peak = 1306.457 ; gain = 0.000
INFO: [Project 1-570] Preparing netlist for logic optimization

Processing XDC Constraints
Initializing timing engine
Parsing XDC File [C:/Users/jacob/Downloads/JaCRGB2 - prueba4presentar - copia/RGB2.srcs/constrs_1/imports/Downloads/Nexys-A7-100T-Master.xdc]
Finished Parsing XDC File [C:/Users/jacob/Downloads/JaCRGB2 - prueba4presentar - copia/RGB2.srcs/constrs_1/imports/Downloads/Nexys-A7-100T-Master.xdc]
INFO: [Project 1-236] Implementation specific constraints were found while reading constraint file [C:/Users/jacob/Downloads/JaCRGB2 - prueba4presentar - copia/RGB2.srcs/constrs_1/imports/Downloads/Nexys-A7-100T-Master.xdc]. These constraints will be ignored for synthesis but will be used in implementation. Impacted constraints are listed in the file [.Xil/top_propImpl.xdc].
Resolution: To avoid this warning, move constraints listed in [.Xil/top_propImpl.xdc] to another XDC file and exclude this new file from synthesis with the used_in_synthesis property (File Properties dialog in GUI) and re-run elaboration/synthesis.
Completed Processing XDC Constraints

Netlist sorting complete. Time (s): cpu = 00:00:00 ; elapsed = 00:00:00 . Memory (MB): peak = 1383.988 ; gain = 0.000
INFO: [Project 1-111] Unisim Transformation Summary:
No Unisim elements were transformed.

Constraint Validation Runtime : Time (s): cpu = 00:00:00 ; elapsed = 00:00:00.003 . Memory (MB): peak = 1383.988 ; gain = 0.000
INFO: [Designutils 20-5440] No compile time benefit to using incremental synthesis; A full resynthesis will be run
INFO: [Designutils 20-4379] Flow is switching to default flow due to incremental criteria not met. If you would like to alter this behaviour and have the flow terminate instead, please set the following parameter config_implementation {autoIncr.Synth.RejectBehavior Terminate}
---------------------------------------------------------------------------------
Finished Constraint Validation : Time (s): cpu = 00:00:13 ; elapsed = 00:00:15 . Memory (MB): peak = 1383.988 ; gain = 681.172
---------------------------------------------------------------------------------
---------------------------------------------------------------------------------
Start Loading Part and Timing Information
---------------------------------------------------------------------------------
Loading part: xc7a100tcsg324-1
---------------------------------------------------------------------------------
Finished Loading Part and Timing Information : Time (s): cpu = 00:00:13 ; elapsed = 00:00:15 . Memory (MB): peak = 1383.988 ; gain = 681.172
---------------------------------------------------------------------------------
---------------------------------------------------------------------------------
Start Applying 'set_property' XDC Constraints
---------------------------------------------------------------------------------
---------------------------------------------------------------------------------
Finished applying 'set_property' XDC Constraints : Time (s): cpu = 00:00:13 ; elapsed = 00:00:15 . Memory (MB): peak = 1383.988 ; gain = 681.172
---------------------------------------------------------------------------------
INFO: [Synth 8-802] inferred FSM for state register 'currentState_reg' in module 'RgbLed'
WARNING: [Synth 8-327] inferring latch for variable 'fLed2Off_reg' [C:/Users/jacob/Downloads/JaCRGB2 - prueba4presentar - copia/RGB2.srcs/sources_1/new/RGBLED.vhd:261]
---------------------------------------------------------------------------------------------------
                   State |                     New Encoding |                Previous Encoding 
---------------------------------------------------------------------------------------------------
                stinicio |                            00001 |                              000
                  stblue |                            00010 |                              011
                 stgreen |                            00100 |                              010
                   stred |                            01000 |                              001
              stled12off |                            10000 |                              100
---------------------------------------------------------------------------------------------------
INFO: [Synth 8-3354] encoded FSM with state register 'currentState_reg' using encoding 'one-hot' in module 'RgbLed'
WARNING: [Synth 8-327] inferring latch for variable 'stateLEDS_reg' [C:/Users/jacob/Downloads/JaCRGB2 - prueba4presentar - copia/RGB2.srcs/sources_1/new/RGBLED.vhd:226]
WARNING: [Synth 8-327] inferring latch for variable 'red_reg' [C:/Users/jacob/Downloads/JaCRGB2 - prueba4presentar - copia/RGB2.srcs/sources_1/new/RGBLED.vhd:95]
WARNING: [Synth 8-327] inferring latch for variable 'green_reg' [C:/Users/jacob/Downloads/JaCRGB2 - prueba4presentar - copia/RGB2.srcs/sources_1/new/RGBLED.vhd:101]
WARNING: [Synth 8-327] inferring latch for variable 'blue_reg' [C:/Users/jacob/Downloads/JaCRGB2 - prueba4presentar - copia/RGB2.srcs/sources_1/new/RGBLED.vhd:107]
---------------------------------------------------------------------------------
Finished RTL Optimization Phase 2 : Time (s): cpu = 00:00:14 ; elapsed = 00:00:15 . Memory (MB): peak = 1383.988 ; gain = 681.172
---------------------------------------------------------------------------------
---------------------------------------------------------------------------------
Start RTL Component Statistics 
---------------------------------------------------------------------------------
Detailed RTL Component Info : 
+---Adders : 
	   2 Input    8 Bit       Adders := 3     
	   2 Input    5 Bit       Adders := 3     
+---Registers : 
	                8 Bit    Registers := 3     
	                5 Bit    Registers := 3     
	                3 Bit    Registers := 5     
	                2 Bit    Registers := 5     
	                1 Bit    Registers := 5     
+---Muxes : 
	   5 Input    5 Bit        Muxes := 1     
	   2 Input    5 Bit        Muxes := 9     
	   2 Input    1 Bit        Muxes := 11    
	   5 Input    1 Bit        Muxes := 2     
---------------------------------------------------------------------------------
Finished RTL Component Statistics 
---------------------------------------------------------------------------------
---------------------------------------------------------------------------------
Start Part Resource Summary
---------------------------------------------------------------------------------
Part Resources:
DSPs: 240 (col length:80)
BRAMs: 270 (col length: RAMB18 80 RAMB36 40)
---------------------------------------------------------------------------------
Finished Part Resource Summary
---------------------------------------------------------------------------------
---------------------------------------------------------------------------------
Start Cross Boundary and Area Optimization
---------------------------------------------------------------------------------
WARNING: [Synth 8-7080] Parallel synthesis criteria is not met
---------------------------------------------------------------------------------
Finished Cross Boundary and Area Optimization : Time (s): cpu = 00:00:16 ; elapsed = 00:00:18 . Memory (MB): peak = 1383.988 ; gain = 681.172
---------------------------------------------------------------------------------
---------------------------------------------------------------------------------
Start Applying XDC Timing Constraints
---------------------------------------------------------------------------------
---------------------------------------------------------------------------------
Finished Applying XDC Timing Constraints : Time (s): cpu = 00:00:21 ; elapsed = 00:00:23 . Memory (MB): peak = 1517.883 ; gain = 815.066
---------------------------------------------------------------------------------
---------------------------------------------------------------------------------
Start Timing Optimization
---------------------------------------------------------------------------------
---------------------------------------------------------------------------------
Finished Timing Optimization : Time (s): cpu = 00:00:21 ; elapsed = 00:00:23 . Memory (MB): peak = 1550.465 ; gain = 847.648
---------------------------------------------------------------------------------
---------------------------------------------------------------------------------
Start Technology Mapping
---------------------------------------------------------------------------------
---------------------------------------------------------------------------------
Finished Technology Mapping : Time (s): cpu = 00:00:22 ; elapsed = 00:00:23 . Memory (MB): peak = 1550.465 ; gain = 847.648
---------------------------------------------------------------------------------
---------------------------------------------------------------------------------
Start IO Insertion
---------------------------------------------------------------------------------
---------------------------------------------------------------------------------
Start Flattening Before IO Insertion
---------------------------------------------------------------------------------
---------------------------------------------------------------------------------
Finished Flattening Before IO Insertion
---------------------------------------------------------------------------------
---------------------------------------------------------------------------------
Start Final Netlist Cleanup
---------------------------------------------------------------------------------
---------------------------------------------------------------------------------
Finished Final Netlist Cleanup
---------------------------------------------------------------------------------
---------------------------------------------------------------------------------
Finished IO Insertion : Time (s): cpu = 00:00:25 ; elapsed = 00:00:27 . Memory (MB): peak = 1765.223 ; gain = 1062.406
---------------------------------------------------------------------------------
---------------------------------------------------------------------------------
Start Renaming Generated Instances
---------------------------------------------------------------------------------
---------------------------------------------------------------------------------
Finished Renaming Generated Instances : Time (s): cpu = 00:00:25 ; elapsed = 00:00:27 . Memory (MB): peak = 1765.223 ; gain = 1062.406
---------------------------------------------------------------------------------
---------------------------------------------------------------------------------
Start Rebuilding User Hierarchy
---------------------------------------------------------------------------------
---------------------------------------------------------------------------------
Finished Rebuilding User Hierarchy : Time (s): cpu = 00:00:25 ; elapsed = 00:00:27 . Memory (MB): peak = 1765.223 ; gain = 1062.406
---------------------------------------------------------------------------------
---------------------------------------------------------------------------------
Start Renaming Generated Ports
---------------------------------------------------------------------------------
---------------------------------------------------------------------------------
Finished Renaming Generated Ports : Time (s): cpu = 00:00:25 ; elapsed = 00:00:27 . Memory (MB): peak = 1765.223 ; gain = 1062.406
---------------------------------------------------------------------------------
---------------------------------------------------------------------------------
Start Handling Custom Attributes
---------------------------------------------------------------------------------
---------------------------------------------------------------------------------
Finished Handling Custom Attributes : Time (s): cpu = 00:00:25 ; elapsed = 00:00:27 . Memory (MB): peak = 1765.223 ; gain = 1062.406
---------------------------------------------------------------------------------
---------------------------------------------------------------------------------
Start Renaming Generated Nets
---------------------------------------------------------------------------------
---------------------------------------------------------------------------------
Finished Renaming Generated Nets : Time (s): cpu = 00:00:25 ; elapsed = 00:00:27 . Memory (MB): peak = 1765.223 ; gain = 1062.406
---------------------------------------------------------------------------------
---------------------------------------------------------------------------------
Start ROM, RAM, DSP, Shift Register and Retiming Reporting
---------------------------------------------------------------------------------

Static Shift Register Report:
+------------+----------------------------+--------+-------+--------------+--------------------+-------------------+--------+---------+
|Module Name | RTL Name                   | Length | Width | Reset Signal | Pull out first Reg | Pull out last Reg | SRL16E | SRLC32E | 
+------------+----------------------------+--------+-------+--------------+--------------------+-------------------+--------+---------+
|top         | Ins_EDGEDTCTR1/sreg_reg[0] | 4      | 1     | NO           | YES                | YES               | 1      | 0       | 
|top         | Ins_EDGEDTCTR2/sreg_reg[0] | 4      | 1     | NO           | YES                | YES               | 1      | 0       | 
|top         | Ins_EDGEDTCTR3/sreg_reg[0] | 4      | 1     | NO           | YES                | YES               | 1      | 0       | 
|top         | Ins_EDGEDTCTR4/sreg_reg[0] | 4      | 1     | NO           | YES                | YES               | 1      | 0       | 
|top         | Ins_EDGEDTCTR5/sreg_reg[0] | 4      | 1     | NO           | YES                | YES               | 1      | 0       | 
+------------+----------------------------+--------+-------+--------------+--------------------+-------------------+--------+---------+

---------------------------------------------------------------------------------
Finished ROM, RAM, DSP, Shift Register and Retiming Reporting
---------------------------------------------------------------------------------
---------------------------------------------------------------------------------
Start Writing Synthesis Report
---------------------------------------------------------------------------------

Report BlackBoxes: 
+-+--------------+----------+
| |BlackBox name |Instances |
+-+--------------+----------+
+-+--------------+----------+

Report Cell Usage: 
+------+-------+------+
|      |Cell   |Count |
+------+-------+------+
|1     |BUFG   |     1|
|2     |CARRY4 |     9|
|3     |LUT1   |     3|
|4     |LUT2   |    11|
|5     |LUT3   |    13|
|6     |LUT4   |    23|
|7     |LUT5   |    12|
|8     |LUT6   |    27|
|9     |SRL16E |     5|
|10    |FDRE   |    71|
|11    |FDSE   |     1|
|12    |LD     |    20|
|13    |IBUF   |     7|
|14    |OBUF   |    10|
+------+-------+------+
---------------------------------------------------------------------------------
Finished Writing Synthesis Report : Time (s): cpu = 00:00:25 ; elapsed = 00:00:27 . Memory (MB): peak = 1765.223 ; gain = 1062.406
---------------------------------------------------------------------------------
Synthesis finished with 0 errors, 0 critical warnings and 6 warnings.
Synthesis Optimization Runtime : Time (s): cpu = 00:00:18 ; elapsed = 00:00:26 . Memory (MB): peak = 1765.223 ; gain = 984.875
Synthesis Optimization Complete : Time (s): cpu = 00:00:26 ; elapsed = 00:00:28 . Memory (MB): peak = 1765.223 ; gain = 1062.406
INFO: [Project 1-571] Translating synthesized netlist
Netlist sorting complete. Time (s): cpu = 00:00:00 ; elapsed = 00:00:00.002 . Memory (MB): peak = 1774.406 ; gain = 0.000
INFO: [Netlist 29-17] Analyzing 29 Unisim elements for replacement
INFO: [Netlist 29-28] Unisim Transformation completed in 0 CPU seconds
INFO: [Project 1-570] Preparing netlist for logic optimization
INFO: [Opt 31-138] Pushed 0 inverter(s) to 0 load pin(s).
Netlist sorting complete. Time (s): cpu = 00:00:00 ; elapsed = 00:00:00.001 . Memory (MB): peak = 1778.043 ; gain = 0.000
INFO: [Project 1-111] Unisim Transformation Summary:
  A total of 20 instances were transformed.
  LD => LDCE: 20 instances

Synth Design complete | Checksum: 317c0a2
INFO: [Common 17-83] Releasing license: Synthesis
47 Infos, 6 Warnings, 0 Critical Warnings and 0 Errors encountered.
synth_design completed successfully
synth_design: Time (s): cpu = 00:00:29 ; elapsed = 00:00:40 . Memory (MB): peak = 1778.043 ; gain = 1276.922
Write ShapeDB Complete: Time (s): cpu = 00:00:00 ; elapsed = 00:00:00.003 . Memory (MB): peak = 1778.043 ; gain = 0.000
INFO: [Common 17-1381] The checkpoint 'C:/Users/jacob/Downloads/JaCRGB2 - prueba4presentar - copia/RGB2.runs/synth_1/top.dcp' has been generated.
INFO: [Vivado 12-24828] Executing command : report_utilization -file top_utilization_synth.rpt -pb top_utilization_synth.pb
INFO: [Common 17-206] Exiting Vivado at Wed Dec 17 13:47:12 2025...
